Using pre-set license
Built from '2020.3/staging' branch; Version is '2020.3.20f1 (41c4e627c95f) revision 4310246'; Using compiler version '192528614'; Build Type 'Release'
OS: 'Windows 10 Pro; OS build 19043.1348; Version 2009; 64bit' Language: 'es' Physical Memory: 8051 MB
BatchMode: 1, IsHumanControllingUs: 0, StartBugReporterOnCrash: 0, Is64bit: 1, IsPro: 0

COMMAND LINE ARGUMENTS:
F:\University\Semestre 7\Sensores 2\Repositorio\Sensores2\ProyectoUnidad1\juegoVA\2020.3.20f1\Editor\Unity.exe
-adb2
-batchMode
-noUpm
-name
AssetImportWorker1
-projectPath
F:/University/Trabajo de grado/APP/Activismo2.0
-logFile
Logs/AssetImportWorker1.log
-srvPort
65485
Successfully changed project path to: F:/University/Trabajo de grado/APP/Activismo2.0
F:/University/Trabajo de grado/APP/Activismo2.0
Using Asset Import Pipeline V2.
Refreshing native plugins compatible for Editor in 187.36 ms, found 8 plugins.
Preloading 1 native plugins for Editor in 1.76 ms.
Initialize engine version: 2020.3.20f1 (41c4e627c95f)
[Subsystems] Discovering subsystems at path F:/University/Semestre 7/Sensores 2/Repositorio/Sensores2/ProyectoUnidad1/juegoVA/2020.3.20f1/Editor/Data/Resources/UnitySubsystems
[Subsystems] Discovering subsystems at path F:/University/Trabajo de grado/APP/Activismo2.0/Assets
GfxDevice: creating device client; threaded=0
Direct3D:
    Version:  Direct3D 11.0 [level 11.1]
    Renderer: AMD Radeon (TM) R5 M330 (ID=0x6660)
    Vendor:   
    VRAM:     2039 MB
    Driver:   27.20.20903.8001
Initialize mono
Mono path[0] = 'F:/University/Semestre 7/Sensores 2/Repositorio/Sensores2/ProyectoUnidad1/juegoVA/2020.3.20f1/Editor/Data/Managed'
Mono path[1] = 'F:/University/Semestre 7/Sensores 2/Repositorio/Sensores2/ProyectoUnidad1/juegoVA/2020.3.20f1/Editor/Data/MonoBleedingEdge/lib/mono/unityjit'
Mono config path = 'F:/University/Semestre 7/Sensores 2/Repositorio/Sensores2/ProyectoUnidad1/juegoVA/2020.3.20f1/Editor/Data/MonoBleedingEdge/etc'
Using monoOptions --debugger-agent=transport=dt_socket,embedding=1,server=y,suspend=n,address=127.0.0.1:56084
Begin MonoManager ReloadAssembly
Registering precompiled unity dll's ...
Register platform support module: F:/University/Semestre 7/Sensores 2/Repositorio/Sensores2/ProyectoUnidad1/juegoVA/2020.3.20f1/Editor/Data/PlaybackEngines/WindowsStandaloneSupport/UnityEditor.WindowsStandalone.Extensions.dll
Registered in 0.023158 seconds.
Native extension for WindowsStandalone target not found
Refreshing native plugins compatible for Editor in 48.89 ms, found 8 plugins.
Preloading 1 native plugins for Editor in 0.08 ms.
Mono: successfully reloaded assembly
- Completed reload, in 13.823 seconds
Domain Reload Profiling:
	ReloadAssembly (13823ms)
		BeginReloadAssembly (92ms)
			ExecutionOrderSort (0ms)
			DisableScriptedObjects (0ms)
			BackupInstance (0ms)
			ReleaseScriptingObjects (0ms)
			CreateAndSetChildDomain (1ms)
		EndReloadAssembly (590ms)
			LoadAssemblies (95ms)
			RebuildTransferFunctionScriptingTraits (0ms)
			SetupTypeCache (206ms)
			ReleaseScriptCaches (0ms)
			RebuildScriptCaches (41ms)
			SetupLoadedEditorAssemblies (225ms)
				LogAssemblyErrors (0ms)
				InitializePlatformSupportModulesInManaged (5ms)
				SetLoadedEditorAssemblies (0ms)
				RefreshPlugins (49ms)
				BeforeProcessingInitializeOnLoad (28ms)
				ProcessInitializeOnLoadAttributes (101ms)
				ProcessInitializeOnLoadMethodAttributes (41ms)
				AfterProcessingInitializeOnLoad (0ms)
				EditorAssembliesLoaded (0ms)
			ExecutionOrderSort2 (0ms)
			AwakeInstancesAfterBackupRestoration (0ms)
Platform modules already initialized, skipping
Registering precompiled user dll's ...
Registered in 0.159936 seconds.
