Using pre-set license
Built from '2020.3/staging' branch; Version is '2020.3.20f1 (41c4e627c95f) revision 4310246'; Using compiler version '192528614'; Build Type 'Release'
OS: 'Windows 10 Pro; OS build 19043.1348; Version 2009; 64bit' Language: 'es' Physical Memory: 8051 MB
BatchMode: 1, IsHumanControllingUs: 0, StartBugReporterOnCrash: 0, Is64bit: 1, IsPro: 0

COMMAND LINE ARGUMENTS:
F:\University\Semestre 7\Sensores 2\Repositorio\Sensores2\ProyectoUnidad1\juegoVA\2020.3.20f1\Editor\Unity.exe
-adb2
-batchMode
-noUpm
-name
AssetImportWorker0
-projectPath
F:/University/Trabajo de grado/APP/Activismo2.0
-logFile
Logs/AssetImportWorker0.log
-srvPort
65485
Successfully changed project path to: F:/University/Trabajo de grado/APP/Activismo2.0
F:/University/Trabajo de grado/APP/Activismo2.0
Using Asset Import Pipeline V2.
Refreshing native plugins compatible for Editor in 864.87 ms, found 8 plugins.
Preloading 1 native plugins for Editor in 47.67 ms.
Initialize engine version: 2020.3.20f1 (41c4e627c95f)
[Subsystems] Discovering subsystems at path F:/University/Semestre 7/Sensores 2/Repositorio/Sensores2/ProyectoUnidad1/juegoVA/2020.3.20f1/Editor/Data/Resources/UnitySubsystems
[Subsystems] Discovering subsystems at path F:/University/Trabajo de grado/APP/Activismo2.0/Assets
GfxDevice: creating device client; threaded=0
Direct3D:
    Version:  Direct3D 11.0 [level 11.1]
    Renderer: AMD Radeon (TM) R5 M330 (ID=0x6660)
    Vendor:   
    VRAM:     2039 MB
    Driver:   27.20.20903.8001
Initialize mono
Mono path[0] = 'F:/University/Semestre 7/Sensores 2/Repositorio/Sensores2/ProyectoUnidad1/juegoVA/2020.3.20f1/Editor/Data/Managed'
Mono path[1] = 'F:/University/Semestre 7/Sensores 2/Repositorio/Sensores2/ProyectoUnidad1/juegoVA/2020.3.20f1/Editor/Data/MonoBleedingEdge/lib/mono/unityjit'
Mono config path = 'F:/University/Semestre 7/Sensores 2/Repositorio/Sensores2/ProyectoUnidad1/juegoVA/2020.3.20f1/Editor/Data/MonoBleedingEdge/etc'
Using monoOptions --debugger-agent=transport=dt_socket,embedding=1,server=y,suspend=n,address=127.0.0.1:56084
Begin MonoManager ReloadAssembly
